c:\users\user\downloads\gamedev-intro-tutorials-master\gamedev-intro-tutorials-master\02-sprite\debug\vc142.pdb
c:\users\user\downloads\gamedev-intro-tutorials-master\gamedev-intro-tutorials-master\02-sprite\debug\vc142.idb
c:\users\user\downloads\gamedev-intro-tutorials-master\gamedev-intro-tutorials-master\02-sprite\debug\textures.obj
c:\users\user\downloads\gamedev-intro-tutorials-master\gamedev-intro-tutorials-master\02-sprite\debug\sprites.obj
c:\users\user\downloads\gamedev-intro-tutorials-master\gamedev-intro-tutorials-master\02-sprite\debug\mario.obj
c:\users\user\downloads\gamedev-intro-tutorials-master\gamedev-intro-tutorials-master\02-sprite\debug\main.obj
c:\users\user\downloads\gamedev-intro-tutorials-master\gamedev-intro-tutorials-master\02-sprite\debug\items.obj
c:\users\user\downloads\gamedev-intro-tutorials-master\gamedev-intro-tutorials-master\02-sprite\debug\general.obj
c:\users\user\downloads\gamedev-intro-tutorials-master\gamedev-intro-tutorials-master\02-sprite\debug\gameobject.obj
c:\users\user\downloads\gamedev-intro-tutorials-master\gamedev-intro-tutorials-master\02-sprite\debug\game.obj
c:\users\user\downloads\gamedev-intro-tutorials-master\gamedev-intro-tutorials-master\02-sprite\debug\debug.obj
c:\users\user\downloads\gamedev-intro-tutorials-master\gamedev-intro-tutorials-master\debug\02-sprite.exe
c:\users\user\downloads\gamedev-intro-tutorials-master\gamedev-intro-tutorials-master\debug\02-sprite.ilk
c:\users\user\downloads\gamedev-intro-tutorials-master\gamedev-intro-tutorials-master\debug\02-sprite.pdb
c:\users\user\downloads\gamedev-intro-tutorials-master\gamedev-intro-tutorials-master\02-sprite\debug\02-sprite.tlog\cl.command.1.tlog
c:\users\user\downloads\gamedev-intro-tutorials-master\gamedev-intro-tutorials-master\02-sprite\debug\02-sprite.tlog\cl.read.1.tlog
c:\users\user\downloads\gamedev-intro-tutorials-master\gamedev-intro-tutorials-master\02-sprite\debug\02-sprite.tlog\cl.write.1.tlog
c:\users\user\downloads\gamedev-intro-tutorials-master\gamedev-intro-tutorials-master\02-sprite\debug\02-sprite.tlog\link.command.1.tlog
c:\users\user\downloads\gamedev-intro-tutorials-master\gamedev-intro-tutorials-master\02-sprite\debug\02-sprite.tlog\link.read.1.tlog
c:\users\user\downloads\gamedev-intro-tutorials-master\gamedev-intro-tutorials-master\02-sprite\debug\02-sprite.tlog\link.write.1.tlog
