c:\users\user\downloads\gamedev-intro-tutorials-master\gamedev-intro-tutorials-master\04-collision\debug\vc142.pdb
c:\users\user\downloads\gamedev-intro-tutorials-master\gamedev-intro-tutorials-master\04-collision\debug\vc142.idb
c:\users\user\downloads\gamedev-intro-tutorials-master\gamedev-intro-tutorials-master\04-collision\debug\textures.obj
c:\users\user\downloads\gamedev-intro-tutorials-master\gamedev-intro-tutorials-master\04-collision\debug\sprites.obj
c:\users\user\downloads\gamedev-intro-tutorials-master\gamedev-intro-tutorials-master\04-collision\debug\mario.obj
c:\users\user\downloads\gamedev-intro-tutorials-master\gamedev-intro-tutorials-master\04-collision\debug\main.obj
c:\users\user\downloads\gamedev-intro-tutorials-master\gamedev-intro-tutorials-master\04-collision\debug\goomba.obj
c:\users\user\downloads\gamedev-intro-tutorials-master\gamedev-intro-tutorials-master\04-collision\debug\gameobject.obj
c:\users\user\downloads\gamedev-intro-tutorials-master\gamedev-intro-tutorials-master\04-collision\debug\game.obj
c:\users\user\downloads\gamedev-intro-tutorials-master\gamedev-intro-tutorials-master\04-collision\debug\debug.obj
c:\users\user\downloads\gamedev-intro-tutorials-master\gamedev-intro-tutorials-master\04-collision\debug\brick.obj
c:\users\user\downloads\gamedev-intro-tutorials-master\gamedev-intro-tutorials-master\04-collision\debug\gamemap.obj
c:\users\user\downloads\gamedev-intro-tutorials-master\gamedev-intro-tutorials-master\debug\04-collision.exe
c:\users\user\downloads\gamedev-intro-tutorials-master\gamedev-intro-tutorials-master\debug\04-collision.ilk
c:\users\user\downloads\gamedev-intro-tutorials-master\gamedev-intro-tutorials-master\debug\04-collision.pdb
c:\users\user\downloads\gamedev-intro-tutorials-master\gamedev-intro-tutorials-master\04-collision\debug\map1.obj
c:\users\user\downloads\gamedev-intro-tutorials-master\gamedev-intro-tutorials-master\04-collision\debug\04-collision.tlog\cl.command.1.tlog
c:\users\user\downloads\gamedev-intro-tutorials-master\gamedev-intro-tutorials-master\04-collision\debug\04-collision.tlog\cl.read.1.tlog
c:\users\user\downloads\gamedev-intro-tutorials-master\gamedev-intro-tutorials-master\04-collision\debug\04-collision.tlog\cl.write.1.tlog
c:\users\user\downloads\gamedev-intro-tutorials-master\gamedev-intro-tutorials-master\04-collision\debug\04-collision.tlog\link.command.1.tlog
c:\users\user\downloads\gamedev-intro-tutorials-master\gamedev-intro-tutorials-master\04-collision\debug\04-collision.tlog\link.read.1.tlog
c:\users\user\downloads\gamedev-intro-tutorials-master\gamedev-intro-tutorials-master\04-collision\debug\04-collision.tlog\link.write.1.tlog
